<?xml version="1.0" encoding="UTF-8"?>
<testng-results skipped="0" failed="0" total="1" passed="1">
  <reporter-output>
  </reporter-output>
  <suite name="example.NewTest" duration-ms="23281" started-at="2020-03-19T08:34:17Z" finished-at="2020-03-19T08:34:40Z">
    <groups>
    </groups>
    <test name="Command line test" duration-ms="23281" started-at="2020-03-19T08:34:17Z" finished-at="2020-03-19T08:34:40Z">
      <class name="example.NewTest">
        <test-method status="PASS" signature="beforeTest()[pri:0, instance:example.NewTest@5f2050f6]" name="beforeTest" is-config="true" duration-ms="8561" started-at="2020-03-19T16:34:17Z" finished-at="2020-03-19T16:34:26Z">
          <reporter-output>
          </reporter-output>
        </test-method> <!-- beforeTest -->
        <test-method status="PASS" signature="test()[pri:0, instance:example.NewTest@5f2050f6]" name="test" duration-ms="13473" started-at="2020-03-19T16:34:26Z" finished-at="2020-03-19T16:34:39Z">
          <reporter-output>
          </reporter-output>
        </test-method> <!-- test -->
        <test-method status="PASS" signature="afterTest()[pri:0, instance:example.NewTest@5f2050f6]" name="afterTest" is-config="true" duration-ms="1160" started-at="2020-03-19T16:34:39Z" finished-at="2020-03-19T16:34:40Z">
          <reporter-output>
          </reporter-output>
        </test-method> <!-- afterTest -->
      </class> <!-- example.NewTest -->
    </test> <!-- Command line test -->
  </suite> <!-- example.NewTest -->
</testng-results>
